<?xml version="1.0" encoding="UTF-8"?>
<!-- Generated by org.testng.reporters.JUnitXMLReporter -->
<testsuite ignored="0" hostname="DESKTOP-BPBTH50" failures="1" tests="2" name="Test(failed)" time="10.043" errors="0" timestamp="2025-08-02T17:36:17 EEST">
  <testcase classname="codenbox.testCases.LoginTest" name="verify_login" time="1.404">
    <skipped/>
  </testcase> <!-- verify_login -->
  <testcase classname="codenbox.testCases.LoginTest" name="verify_login" time="1.494">
    <failure type="java.lang.AssertionError" message="The following asserts failed:
	expected [true] but found [false]">
      <![CDATA[java.lang.AssertionError: The following asserts failed:
expected [true] but found [false]
at codenbox.testCases.LoginTest.verify_login(LoginTest.java:38)
at java.base/java.util.ArrayList.forEach(ArrayList.java:1596)
... Removed 27 stack frames]]>
    </failure>
  </testcase> <!-- verify_login -->
</testsuite> <!-- Test(failed) -->
